  List_A.c
e:\data structure\list_a\list_a\list_a.c(19): warning C4013: “UI”未定义；假设外部返回 int
e:\data structure\list_a\list_a\list_a.c(26): warning C4013: “IniSqList”未定义；假设外部返回 int
e:\data structure\list_a\list_a\list_a.c(27): warning C4013: “CreatList”未定义；假设外部返回 int
e:\data structure\list_a\list_a\list_a.c(28): warning C4013: “TraverseList”未定义；假设外部返回 int
e:\data structure\list_a\list_a\list_a.c(29): warning C4013: “GetElem”未定义；假设外部返回 int
e:\data structure\list_a\list_a\list_a.c(30): warning C4013: “ListInsert”未定义；假设外部返回 int
e:\data structure\list_a\list_a\list_a.c(31): warning C4013: “ListDelete”未定义；假设外部返回 int
e:\data structure\list_a\list_a\list_a.c(32): warning C4013: “DestroyList”未定义；假设外部返回 int
e:\data structure\list_a\list_a\list_a.c(33): warning C4098: “main”:“void”函数返回值
e:\data structure\list_a\list_a\list_a.c(23): warning C4996: 'scanf': This function or variable may be unsafe. Consider using scanf_s instead. To disable deprecation, use _CRT_SECURE_NO_WARNINGS. See online help for details.
  c:\program files (x86)\windows kits\10\include\10.0.14393.0\ucrt\stdio.h(1269): note: 参见“scanf”的声明
e:\data structure\list_a\list_a\list_a.c(98): warning C4996: 'scanf': This function or variable may be unsafe. Consider using scanf_s instead. To disable deprecation, use _CRT_SECURE_NO_WARNINGS. See online help for details.
  c:\program files (x86)\windows kits\10\include\10.0.14393.0\ucrt\stdio.h(1269): note: 参见“scanf”的声明
e:\data structure\list_a\list_a\list_a.c(102): warning C4996: 'scanf': This function or variable may be unsafe. Consider using scanf_s instead. To disable deprecation, use _CRT_SECURE_NO_WARNINGS. See online help for details.
  c:\program files (x86)\windows kits\10\include\10.0.14393.0\ucrt\stdio.h(1269): note: 参见“scanf”的声明
e:\data structure\list_a\list_a\list_a.c(114): warning C4996: 'scanf': This function or variable may be unsafe. Consider using scanf_s instead. To disable deprecation, use _CRT_SECURE_NO_WARNINGS. See online help for details.
  c:\program files (x86)\windows kits\10\include\10.0.14393.0\ucrt\stdio.h(1269): note: 参见“scanf”的声明
e:\data structure\list_a\list_a\list_a.c(139): warning C4996: 'scanf': This function or variable may be unsafe. Consider using scanf_s instead. To disable deprecation, use _CRT_SECURE_NO_WARNINGS. See online help for details.
  c:\program files (x86)\windows kits\10\include\10.0.14393.0\ucrt\stdio.h(1269): note: 参见“scanf”的声明
e:\data structure\list_a\list_a\list_a.c(143): warning C4996: 'scanf': This function or variable may be unsafe. Consider using scanf_s instead. To disable deprecation, use _CRT_SECURE_NO_WARNINGS. See online help for details.
  c:\program files (x86)\windows kits\10\include\10.0.14393.0\ucrt\stdio.h(1269): note: 参见“scanf”的声明
e:\data structure\list_a\list_a\list_a.c(161): warning C4996: 'scanf': This function or variable may be unsafe. Consider using scanf_s instead. To disable deprecation, use _CRT_SECURE_NO_WARNINGS. See online help for details.
  c:\program files (x86)\windows kits\10\include\10.0.14393.0\ucrt\stdio.h(1269): note: 参见“scanf”的声明
e:\data structure\list_a\list_a\list_a.c(188): warning C4996: 'scanf': This function or variable may be unsafe. Consider using scanf_s instead. To disable deprecation, use _CRT_SECURE_NO_WARNINGS. See online help for details.
  c:\program files (x86)\windows kits\10\include\10.0.14393.0\ucrt\stdio.h(1269): note: 参见“scanf”的声明
e:\data structure\list_a\list_a\list_a.c(190): warning C4996: 'scanf': This function or variable may be unsafe. Consider using scanf_s instead. To disable deprecation, use _CRT_SECURE_NO_WARNINGS. See online help for details.
  c:\program files (x86)\windows kits\10\include\10.0.14393.0\ucrt\stdio.h(1269): note: 参见“scanf”的声明
e:\data structure\list_a\list_a\list_a.c(192): warning C4996: 'scanf': This function or variable may be unsafe. Consider using scanf_s instead. To disable deprecation, use _CRT_SECURE_NO_WARNINGS. See online help for details.
  c:\program files (x86)\windows kits\10\include\10.0.14393.0\ucrt\stdio.h(1269): note: 参见“scanf”的声明
e:\data structure\list_a\list_a\list_a.c(193): warning C4996: 'strdup': The POSIX name for this item is deprecated. Instead, use the ISO C and C++ conformant name: _strdup. See online help for details.
  c:\program files (x86)\windows kits\10\include\10.0.14393.0\ucrt\string.h(530): note: 参见“strdup”的声明
e:\data structure\list_a\list_a\list_a.c(76): warning C4716: “CreatList”: 必须返回一个值
  List_A.vcxproj -> E:\Data Structure\List_A\x64\Debug\List_A.exe
  List_A.vcxproj -> E:\Data Structure\List_A\x64\Debug\List_A.pdb (Partial PDB)
