  Test.c
e:\data structure\bitree\bitree\test.c(14): warning C4013: “InitBiTree”未定义；假设外部返回 int
e:\data structure\bitree\bitree\test.c(25): warning C4013: “creatBiTree”未定义；假设外部返回 int
e:\data structure\bitree\bitree\test.c(29): warning C4013: “inBeforeTraverse”未定义；假设外部返回 int
e:\data structure\bitree\bitree\test.c(32): warning C4013: “InOrderTraverse”未定义；假设外部返回 int
e:\data structure\bitree\bitree\test.c(35): warning C4013: “inLastTraverse”未定义；假设外部返回 int
e:\data structure\bitree\bitree\test.c(38): warning C4013: “destroyBiTree”未定义；假设外部返回 int
e:\data structure\bitree\bitree\test.c(20): warning C4996: 'scanf': This function or variable may be unsafe. Consider using scanf_s instead. To disable deprecation, use _CRT_SECURE_NO_WARNINGS. See online help for details.
  c:\program files (x86)\windows kits\10\include\10.0.14393.0\ucrt\stdio.h(1269): note: 参见“scanf”的声明
e:\data structure\bitree\bitree\test.c(21): warning C4996: 'scanf': This function or variable may be unsafe. Consider using scanf_s instead. To disable deprecation, use _CRT_SECURE_NO_WARNINGS. See online help for details.
  c:\program files (x86)\windows kits\10\include\10.0.14393.0\ucrt\stdio.h(1269): note: 参见“scanf”的声明
e:\data structure\bitree\bitree\test.c(53): warning C4047: “初始化”:“BiTree”与“BiTree *”的间接级别不同
e:\data structure\bitree\bitree\test.c(55): warning C4996: 'strdup': The POSIX name for this item is deprecated. Instead, use the ISO C and C++ conformant name: _strdup. See online help for details.
  c:\program files (x86)\windows kits\10\include\10.0.14393.0\ucrt\string.h(530): note: 参见“strdup”的声明
e:\data structure\bitree\bitree\test.c(66): warning C4715: “creatBiTree”: 不是所有的控件路径都返回值
e:\data structure\bitree\bitree\test.c(75): warning C4716: “destroyBiTree”: 必须返回一个值
e:\data structure\bitree\bitree\test.c(84): warning C4716: “InOrderTraverse”: 必须返回一个值
e:\data structure\bitree\bitree\test.c(93): warning C4716: “inBeforeTraverse”: 必须返回一个值
e:\data structure\bitree\bitree\test.c(102): warning C4716: “inLastTraverse”: 必须返回一个值
  BiTree.vcxproj -> E:\Data Structure\BiTree\Debug\BiTree.exe
  BiTree.vcxproj -> E:\Data Structure\BiTree\Debug\BiTree.pdb (Partial PDB)
