生成启动时间为 2019/3/11 22:28:42。
     1>项目“E:\Data Structure\week2\week2\week2.vcxproj”在节点 2 上(Build 个目标)。
     1>ClCompile:
         F:\Visual Studio 2013 Ultimate\VC\bin\CL.exe /c /ZI /nologo /W3 /WX- /sdl /Od /Oy- /D WIN32 /D _DEBUG /D _CONSOLE /D _LIB /D _UNICODE /D UNICODE /Gm /EHsc /RTC1 /MDd /GS /fp:precise /Zc:wchar_t /Zc:forScope /Fo"Debug\\" /Fd"Debug\vc120.pdb" /Gd /TC /analyze- /errorReport:prompt list.c
         list.c
     1>e:\data structure\week2\week2\list.c(13): warning C4013: “IniSqList”未定义；假设外部返回 int
     1>e:\data structure\week2\week2\list.c(14): warning C4013: “CreatList”未定义；假设外部返回 int
     1>e:\data structure\week2\week2\list.c(15): warning C4013: “TraverseList”未定义；假设外部返回 int
     1>e:\data structure\week2\week2\list.c(17): warning C4013: “GetElem”未定义；假设外部返回 int
     1>e:\data structure\week2\week2\list.c(21): warning C4013: “ListEmpty”未定义；假设外部返回 int
     1>e:\data structure\week2\week2\list.c(22): warning C4013: “ListLength”未定义；假设外部返回 int
     1>e:\data structure\week2\week2\list.c(23): warning C4013: “LocateElem”未定义；假设外部返回 int
     1>e:\data structure\week2\week2\list.c(26): warning C4013: “PriorElem”未定义；假设外部返回 int
     1>e:\data structure\week2\week2\list.c(27): warning C4013: “NextElem”未定义；假设外部返回 int
     1>e:\data structure\week2\week2\list.c(30): warning C4013: “ListInsert”未定义；假设外部返回 int
     1>e:\data structure\week2\week2\list.c(33): warning C4013: “ListDelete”未定义；假设外部返回 int
     1>e:\data structure\week2\week2\list.c(109): warning C4715: “PriorElem”: 不是所有的控件路径都返回值
     1>e:\data structure\week2\week2\list.c(123): warning C4715: “NextElem”: 不是所有的控件路径都返回值
       Link:
         F:\Visual Studio 2013 Ultimate\VC\bin\link.exe /ERRORREPORT:PROMPT /OUT:"E:\Data Structure\week2\Debug\week2.exe" /INCREMENTAL /NOLOGO kernel32.lib user32.lib gdi32.lib winspool.lib comdlg32.lib advapi32.lib shell32.lib ole32.lib oleaut32.lib uuid.lib odbc32.lib odbccp32.lib /MANIFEST /MANIFESTUAC:"level='asInvoker' uiAccess='false'" /manifest:embed /DEBUG /PDB:"E:\Data Structure\week2\Debug\week2.pdb" /SUBSYSTEM:CONSOLE /TLBID:1 /DYNAMICBASE /NXCOMPAT /IMPLIB:"E:\Data Structure\week2\Debug\week2.lib" /MACHINE:X86 Debug\list.obj
         week2.vcxproj -> E:\Data Structure\week2\Debug\week2.exe
     1>已完成生成项目“E:\Data Structure\week2\week2\week2.vcxproj”(Build 个目标)的操作。

生成成功。

已用时间 00:00:00.37
